<?xml version='1.0' encoding='UTF-8'?>
<testsuite hostname="EVN19023-HABQ.local" name="HelloWorldSpec" tests="1" errors="0" failures="0" skipped="0" time="0.365">
                     <properties>
[...]
</properties>
                     <testcase classname="HelloWorldSpec" name="Testing to database should: should::Have a connection with DB" time="0.365">
                                                 
                                               </testcase>
                     <system-out></system-out>
                     <system-err></system-err>
                   </testsuite>